<?xml version="1.0" encoding="UTF-8"?>
<coverage generated="1665409423116" clover="3.2.0">
  <project timestamp="1665409423116" name="All files">
    <metrics statements="24" coveredstatements="24" conditionals="10" coveredconditionals="9" methods="8" coveredmethods="8" elements="42" coveredelements="41" complexity="0" loc="24" ncloc="24" packages="1" files="1" classes="1"/>
    <file name="portfolio.js" path="/Users/elizabethpicazo/csc307/stockPortfolio/portfolio.js">
      <metrics statements="24" coveredstatements="24" conditionals="10" coveredconditionals="9" methods="8" coveredmethods="8"/>
      <line num="3" count="2" type="stmt"/>
      <line num="4" count="2" type="stmt"/>
      <line num="12" count="15" type="stmt"/>
      <line num="16" count="1" type="stmt"/>
      <line num="20" count="4" type="cond" truecount="2" falsecount="0"/>
      <line num="21" count="1" type="stmt"/>
      <line num="23" count="3" type="stmt"/>
      <line num="28" count="4" type="cond" truecount="2" falsecount="0"/>
      <line num="29" count="1" type="stmt"/>
      <line num="30" count="3" type="cond" truecount="2" falsecount="0"/>
      <line num="31" count="1" type="stmt"/>
      <line num="33" count="2" type="stmt"/>
      <line num="34" count="2" type="cond" truecount="2" falsecount="0"/>
      <line num="35" count="1" type="stmt"/>
      <line num="41" count="3" type="stmt"/>
      <line num="45" count="2" type="stmt"/>
      <line num="49" count="1" type="cond" truecount="1" falsecount="1"/>
      <line num="54" count="1" type="stmt"/>
      <line num="55" count="1" type="stmt"/>
      <line num="56" count="1" type="stmt"/>
      <line num="57" count="1" type="stmt"/>
      <line num="58" count="1" type="stmt"/>
      <line num="59" count="1" type="stmt"/>
      <line num="60" count="1" type="stmt"/>
    </file>
  </project>
</coverage>
