{"/Users/elizabethpicazo/csc307/stockPortfolio/portfolio.js": {"path":"/Users/elizabethpicazo/csc307/stockPortfolio/portfolio.js","statementMap":{"0":{"start":{"line":3,"column":6},"end":{"line":3,"column":21}},"1":{"start":{"line":4,"column":6},"end":{"line":4,"column":35}},"2":{"start":{"line":12,"column":4},"end":{"line":12,"column":14}},"3":{"start":{"line":16,"column":4},"end":{"line":16,"column":39}},"4":{"start":{"line":20,"column":4},"end":{"line":24,"column":5}},"5":{"start":{"line":21,"column":8},"end":{"line":21,"column":29}},"6":{"start":{"line":23,"column":8},"end":{"line":23,"column":28}},"7":{"start":{"line":28,"column":4},"end":{"line":37,"column":5}},"8":{"start":{"line":29,"column":8},"end":{"line":29,"column":56}},"9":{"start":{"line":30,"column":10},"end":{"line":37,"column":5}},"10":{"start":{"line":31,"column":8},"end":{"line":31,"column":52}},"11":{"start":{"line":33,"column":8},"end":{"line":33,"column":29}},"12":{"start":{"line":34,"column":8},"end":{"line":36,"column":9}},"13":{"start":{"line":35,"column":12},"end":{"line":35,"column":30}},"14":{"start":{"line":41,"column":4},"end":{"line":41,"column":34}},"15":{"start":{"line":45,"column":4},"end":{"line":45,"column":22}},"16":{"start":{"line":49,"column":4},"end":{"line":49,"column":40}},"17":{"start":{"line":54,"column":0},"end":{"line":54,"column":40}},"18":{"start":{"line":55,"column":0},"end":{"line":55,"column":26}},"19":{"start":{"line":56,"column":0},"end":{"line":56,"column":46}},"20":{"start":{"line":57,"column":0},"end":{"line":57,"column":28}},"21":{"start":{"line":58,"column":0},"end":{"line":58,"column":34}},"22":{"start":{"line":59,"column":0},"end":{"line":59,"column":34}},"23":{"start":{"line":60,"column":0},"end":{"line":60,"column":44}}},"fnMap":{"0":{"name":"(anonymous_0)","decl":{"start":{"line":2,"column":4},"end":{"line":2,"column":5}},"loc":{"start":{"line":2,"column":25},"end":{"line":5,"column":5}},"line":2},"1":{"name":"stockPortfolio","decl":{"start":{"line":11,"column":9},"end":{"line":11,"column":23}},"loc":{"start":{"line":11,"column":25},"end":{"line":13,"column":1}},"line":11},"2":{"name":"isEmpty","decl":{"start":{"line":15,"column":9},"end":{"line":15,"column":16}},"loc":{"start":{"line":15,"column":20},"end":{"line":17,"column":1}},"line":15},"3":{"name":"addStock","decl":{"start":{"line":19,"column":9},"end":{"line":19,"column":17}},"loc":{"start":{"line":19,"column":37},"end":{"line":25,"column":1}},"line":19},"4":{"name":"removeStock","decl":{"start":{"line":27,"column":9},"end":{"line":27,"column":20}},"loc":{"start":{"line":27,"column":40},"end":{"line":38,"column":1}},"line":27},"5":{"name":"numOfStockHolders","decl":{"start":{"line":40,"column":9},"end":{"line":40,"column":26}},"loc":{"start":{"line":40,"column":30},"end":{"line":42,"column":1}},"line":40},"6":{"name":"numOfShares","decl":{"start":{"line":44,"column":9},"end":{"line":44,"column":20}},"loc":{"start":{"line":44,"column":32},"end":{"line":46,"column":1}},"line":44},"7":{"name":"removeZeroShares","decl":{"start":{"line":48,"column":9},"end":{"line":48,"column":25}},"loc":{"start":{"line":48,"column":37},"end":{"line":50,"column":1}},"line":48}},"branchMap":{"0":{"loc":{"start":{"line":20,"column":4},"end":{"line":24,"column":5}},"type":"if","locations":[{"start":{"line":20,"column":4},"end":{"line":24,"column":5}},{"start":{"line":22,"column":9},"end":{"line":24,"column":5}}],"line":20},"1":{"loc":{"start":{"line":28,"column":4},"end":{"line":37,"column":5}},"type":"if","locations":[{"start":{"line":28,"column":4},"end":{"line":37,"column":5}},{"start":{"line":30,"column":10},"end":{"line":37,"column":5}}],"line":28},"2":{"loc":{"start":{"line":30,"column":10},"end":{"line":37,"column":5}},"type":"if","locations":[{"start":{"line":30,"column":10},"end":{"line":37,"column":5}},{"start":{"line":32,"column":9},"end":{"line":37,"column":5}}],"line":30},"3":{"loc":{"start":{"line":34,"column":8},"end":{"line":36,"column":9}},"type":"if","locations":[{"start":{"line":34,"column":8},"end":{"line":36,"column":9}},{"start":{},"end":{}}],"line":34},"4":{"loc":{"start":{"line":49,"column":11},"end":{"line":49,"column":39}},"type":"cond-expr","locations":[{"start":{"line":49,"column":25},"end":{"line":49,"column":26}},{"start":{"line":49,"column":29},"end":{"line":49,"column":39}}],"line":49}},"s":{"0":2,"1":2,"2":15,"3":1,"4":4,"5":1,"6":3,"7":4,"8":1,"9":3,"10":1,"11":2,"12":2,"13":1,"14":3,"15":2,"16":1,"17":1,"18":1,"19":1,"20":1,"21":1,"22":1,"23":1},"f":{"0":2,"1":15,"2":1,"3":4,"4":4,"5":3,"6":2,"7":1},"b":{"0":[1,3],"1":[1,3],"2":[1,2],"3":[1,1],"4":[1,0]},"_coverageSchema":"1a1c01bbd47fc00a2c39e90264f33305004495a9","hash":"2b5811d99705fd7d6f48781e25c1ed09ee9ee1f4"}
}
