TN:
SF:portfolio.js
FN:2,(anonymous_0)
FN:11,stockPortfolio
FN:15,isEmpty
FN:19,addStock
FN:27,removeStock
FN:40,numOfStockHolders
FN:44,numOfShares
FN:48,removeZeroShares
FNF:8
FNH:8
FNDA:2,(anonymous_0)
FNDA:15,stockPortfolio
FNDA:1,isEmpty
FNDA:4,addStock
FNDA:4,removeStock
FNDA:3,numOfStockHolders
FNDA:2,numOfShares
FNDA:1,removeZeroShares
DA:3,2
DA:4,2
DA:12,15
DA:16,1
DA:20,4
DA:21,1
DA:23,3
DA:28,4
DA:29,1
DA:30,3
DA:31,1
DA:33,2
DA:34,2
DA:35,1
DA:41,3
DA:45,2
DA:49,1
DA:54,1
DA:55,1
DA:56,1
DA:57,1
DA:58,1
DA:59,1
DA:60,1
LF:24
LH:24
BRDA:20,0,0,1
BRDA:20,0,1,3
BRDA:28,1,0,1
BRDA:28,1,1,3
BRDA:30,2,0,1
BRDA:30,2,1,2
BRDA:34,3,0,1
BRDA:34,3,1,1
BRDA:49,4,0,1
BRDA:49,4,1,0
BRF:10
BRH:9
end_of_record
